[2016-04-10 18:02:32] local.ERROR: exception 'Symfony\Component\Debug\Exception\FatalErrorException' with message 'Class 'DeveloperTz\SimpleCaptcha\SimpleCaptchaServiceProvider' not found' in C:\xampp\htdocs\vicariati50\vendor\compiled.php:6717
Stack trace:
#0 {main}  
[2016-04-10 18:04:38] local.ERROR: exception 'Symfony\Component\Debug\Exception\FatalErrorException' with message 'Class 'DeveloperTz\SimpleCaptcha\SimpleCaptchaServiceProvider' not found' in C:\xampp\htdocs\vicariati50\vendor\compiled.php:6717
Stack trace:
#0 {main}  
[2016-04-10 18:07:53] local.ERROR: exception 'Symfony\Component\Debug\Exception\FatalErrorException' with message 'Class 'DeveloperTz\SimpleCaptcha\SimpleCaptchaServiceProvider' not found' in C:\xampp\htdocs\vicariati50\vendor\compiled.php:6717
Stack trace:
#0 {main}  
[2016-04-10 18:09:13] local.ERROR: exception 'ErrorException' with message 'file_put_contents(C:\xampp\htdocs\vicariati50/bootstrap/cache/services.json): failed to open stream: No such file or directory' in C:\xampp\htdocs\vicariati50\vendor\laravel\framework\src\Illuminate\Filesystem\Filesystem.php:81
Stack trace:
#0 [internal function]: Illuminate\Foundation\Bootstrap\HandleExceptions->handleError(2, 'file_put_conten...', 'C:\\xampp\\htdocs...', 81, Array)
#1 C:\xampp\htdocs\vicariati50\vendor\laravel\framework\src\Illuminate\Filesystem\Filesystem.php(81): file_put_contents('C:\\xampp\\htdocs...', '{\n    "provider...', 0)
#2 C:\xampp\htdocs\vicariati50\vendor\laravel\framework\src\Illuminate\Foundation\ProviderRepository.php(188): Illuminate\Filesystem\Filesystem->put('C:\\xampp\\htdocs...', '{\n    "provider...')
#3 C:\xampp\htdocs\vicariati50\vendor\laravel\framework\src\Illuminate\Foundation\ProviderRepository.php(135): Illuminate\Foundation\ProviderRepository->writeManifest(Array)
#4 C:\xampp\htdocs\vicariati50\vendor\laravel\framework\src\Illuminate\Foundation\ProviderRepository.php(60): Illuminate\Foundation\ProviderRepository->compileManifest(Array)
#5 C:\xampp\htdocs\vicariati50\vendor\laravel\framework\src\Illuminate\Foundation\Application.php(507): Illuminate\Foundation\ProviderRepository->load(Array)
#6 C:\xampp\htdocs\vicariati50\vendor\laravel\framework\src\Illuminate\Foundation\Bootstrap\RegisterProviders.php(17): Illuminate\Foundation\Application->registerConfiguredProviders()
#7 C:\xampp\htdocs\vicariati50\vendor\laravel\framework\src\Illuminate\Foundation\Application.php(203): Illuminate\Foundation\Bootstrap\RegisterProviders->bootstrap(Object(Illuminate\Foundation\Application))
#8 C:\xampp\htdocs\vicariati50\vendor\laravel\framework\src\Illuminate\Foundation\Console\Kernel.php(208): Illuminate\Foundation\Application->bootstrapWith(Array)
#9 C:\xampp\htdocs\vicariati50\vendor\laravel\framework\src\Illuminate\Foundation\Console\Kernel.php(105): Illuminate\Foundation\Console\Kernel->bootstrap()
#10 C:\xampp\htdocs\vicariati50\artisan(36): Illuminate\Foundation\Console\Kernel->handle(Object(Symfony\Component\Console\Input\ArgvInput), Object(Symfony\Component\Console\Output\ConsoleOutput))
#11 {main}  
[2016-04-10 18:11:33] local.ERROR: exception 'ErrorException' with message 'file_put_contents(C:\xampp\htdocs\vicariati50/bootstrap/cache/services.json): failed to open stream: No such file or directory' in C:\xampp\htdocs\vicariati50\vendor\laravel\framework\src\Illuminate\Filesystem\Filesystem.php:81
Stack trace:
#0 [internal function]: Illuminate\Foundation\Bootstrap\HandleExceptions->handleError(2, 'file_put_conten...', 'C:\\xampp\\htdocs...', 81, Array)
#1 C:\xampp\htdocs\vicariati50\vendor\laravel\framework\src\Illuminate\Filesystem\Filesystem.php(81): file_put_contents('C:\\xampp\\htdocs...', '{\n    "provider...', 0)
#2 C:\xampp\htdocs\vicariati50\vendor\laravel\framework\src\Illuminate\Foundation\ProviderRepository.php(188): Illuminate\Filesystem\Filesystem->put('C:\\xampp\\htdocs...', '{\n    "provider...')
#3 C:\xampp\htdocs\vicariati50\vendor\laravel\framework\src\Illuminate\Foundation\ProviderRepository.php(135): Illuminate\Foundation\ProviderRepository->writeManifest(Array)
#4 C:\xampp\htdocs\vicariati50\vendor\laravel\framework\src\Illuminate\Foundation\ProviderRepository.php(60): Illuminate\Foundation\ProviderRepository->compileManifest(Array)
#5 C:\xampp\htdocs\vicariati50\vendor\laravel\framework\src\Illuminate\Foundation\Application.php(507): Illuminate\Foundation\ProviderRepository->load(Array)
#6 C:\xampp\htdocs\vicariati50\vendor\laravel\framework\src\Illuminate\Foundation\Bootstrap\RegisterProviders.php(17): Illuminate\Foundation\Application->registerConfiguredProviders()
#7 C:\xampp\htdocs\vicariati50\vendor\laravel\framework\src\Illuminate\Foundation\Application.php(203): Illuminate\Foundation\Bootstrap\RegisterProviders->bootstrap(Object(Illuminate\Foundation\Application))
#8 C:\xampp\htdocs\vicariati50\vendor\laravel\framework\src\Illuminate\Foundation\Console\Kernel.php(208): Illuminate\Foundation\Application->bootstrapWith(Array)
#9 C:\xampp\htdocs\vicariati50\vendor\laravel\framework\src\Illuminate\Foundation\Console\Kernel.php(105): Illuminate\Foundation\Console\Kernel->bootstrap()
#10 C:\xampp\htdocs\vicariati50\artisan(36): Illuminate\Foundation\Console\Kernel->handle(Object(Symfony\Component\Console\Input\ArgvInput), Object(Symfony\Component\Console\Output\ConsoleOutput))
#11 {main}  
[2016-04-10 18:14:55] local.ERROR: exception 'ErrorException' with message 'file_put_contents(C:\xampp\htdocs\vicariati50/bootstrap/cache/services.json): failed to open stream: No such file or directory' in C:\xampp\htdocs\vicariati50\vendor\laravel\framework\src\Illuminate\Filesystem\Filesystem.php:81
Stack trace:
#0 [internal function]: Illuminate\Foundation\Bootstrap\HandleExceptions->handleError(2, 'file_put_conten...', 'C:\\xampp\\htdocs...', 81, Array)
#1 C:\xampp\htdocs\vicariati50\vendor\laravel\framework\src\Illuminate\Filesystem\Filesystem.php(81): file_put_contents('C:\\xampp\\htdocs...', '{\n    "provider...', 0)
#2 C:\xampp\htdocs\vicariati50\vendor\laravel\framework\src\Illuminate\Foundation\ProviderRepository.php(188): Illuminate\Filesystem\Filesystem->put('C:\\xampp\\htdocs...', '{\n    "provider...')
#3 C:\xampp\htdocs\vicariati50\vendor\laravel\framework\src\Illuminate\Foundation\ProviderRepository.php(135): Illuminate\Foundation\ProviderRepository->writeManifest(Array)
#4 C:\xampp\htdocs\vicariati50\vendor\laravel\framework\src\Illuminate\Foundation\ProviderRepository.php(60): Illuminate\Foundation\ProviderRepository->compileManifest(Array)
#5 C:\xampp\htdocs\vicariati50\vendor\laravel\framework\src\Illuminate\Foundation\Application.php(507): Illuminate\Foundation\ProviderRepository->load(Array)
#6 C:\xampp\htdocs\vicariati50\vendor\laravel\framework\src\Illuminate\Foundation\Bootstrap\RegisterProviders.php(17): Illuminate\Foundation\Application->registerConfiguredProviders()
#7 C:\xampp\htdocs\vicariati50\vendor\laravel\framework\src\Illuminate\Foundation\Application.php(203): Illuminate\Foundation\Bootstrap\RegisterProviders->bootstrap(Object(Illuminate\Foundation\Application))
#8 C:\xampp\htdocs\vicariati50\vendor\laravel\framework\src\Illuminate\Foundation\Console\Kernel.php(208): Illuminate\Foundation\Application->bootstrapWith(Array)
#9 C:\xampp\htdocs\vicariati50\vendor\laravel\framework\src\Illuminate\Foundation\Console\Kernel.php(105): Illuminate\Foundation\Console\Kernel->bootstrap()
#10 C:\xampp\htdocs\vicariati50\artisan(36): Illuminate\Foundation\Console\Kernel->handle(Object(Symfony\Component\Console\Input\ArgvInput), Object(Symfony\Component\Console\Output\ConsoleOutput))
#11 {main}  
[2016-04-10 18:17:31] local.ERROR: exception 'ErrorException' with message 'php_strip_whitespace(C:\xampp\htdocs\vicariati50): failed to open stream: Permission denied' in C:\xampp\htdocs\vicariati50\vendor\classpreloader\classpreloader\src\ClassPreloader.php:124
Stack trace:
#0 [internal function]: Illuminate\Foundation\Bootstrap\HandleExceptions->handleError(2, 'php_strip_white...', 'C:\\xampp\\htdocs...', 124, Array)
#1 C:\xampp\htdocs\vicariati50\vendor\classpreloader\classpreloader\src\ClassPreloader.php(124): php_strip_whitespace('C:\\xampp\\htdocs...')
#2 C:\xampp\htdocs\vicariati50\vendor\laravel\framework\src\Illuminate\Foundation\Console\OptimizeCommand.php(91): ClassPreloader\ClassPreloader->getCode('C:\\xampp\\htdocs...', false)
#3 C:\xampp\htdocs\vicariati50\vendor\laravel\framework\src\Illuminate\Foundation\Console\OptimizeCommand.php(72): Illuminate\Foundation\Console\OptimizeCommand->compileClasses()
#4 [internal function]: Illuminate\Foundation\Console\OptimizeCommand->fire()
#5 C:\xampp\htdocs\vicariati50\vendor\laravel\framework\src\Illuminate\Container\Container.php(507): call_user_func_array(Array, Array)
#6 C:\xampp\htdocs\vicariati50\vendor\laravel\framework\src\Illuminate\Console\Command.php(150): Illuminate\Container\Container->call(Array)
#7 C:\xampp\htdocs\vicariati50\vendor\symfony\console\Command\Command.php(256): Illuminate\Console\Command->execute(Object(Symfony\Component\Console\Input\ArgvInput), Object(Symfony\Component\Console\Output\ConsoleOutput))
#8 C:\xampp\htdocs\vicariati50\vendor\laravel\framework\src\Illuminate\Console\Command.php(136): Symfony\Component\Console\Command\Command->run(Object(Symfony\Component\Console\Input\ArgvInput), Object(Symfony\Component\Console\Output\ConsoleOutput))
#9 C:\xampp\htdocs\vicariati50\vendor\symfony\console\Application.php(841): Illuminate\Console\Command->run(Object(Symfony\Component\Console\Input\ArgvInput), Object(Symfony\Component\Console\Output\ConsoleOutput))
#10 C:\xampp\htdocs\vicariati50\vendor\symfony\console\Application.php(189): Symfony\Component\Console\Application->doRunCommand(Object(Illuminate\Foundation\Console\OptimizeCommand), Object(Symfony\Component\Console\Input\ArgvInput), Object(Symfony\Component\Console\Output\ConsoleOutput))
#11 C:\xampp\htdocs\vicariati50\vendor\symfony\console\Application.php(120): Symfony\Component\Console\Application->doRun(Object(Symfony\Component\Console\Input\ArgvInput), Object(Symfony\Component\Console\Output\ConsoleOutput))
#12 C:\xampp\htdocs\vicariati50\vendor\laravel\framework\src\Illuminate\Foundation\Console\Kernel.php(107): Symfony\Component\Console\Application->run(Object(Symfony\Component\Console\Input\ArgvInput), Object(Symfony\Component\Console\Output\ConsoleOutput))
#13 C:\xampp\htdocs\vicariati50\artisan(36): Illuminate\Foundation\Console\Kernel->handle(Object(Symfony\Component\Console\Input\ArgvInput), Object(Symfony\Component\Console\Output\ConsoleOutput))
#14 {main}  
[2016-04-10 18:22:38] local.ERROR: exception 'ErrorException' with message 'php_strip_whitespace(C:\xampp\htdocs\vicariati50): failed to open stream: Permission denied' in C:\xampp\htdocs\vicariati50\vendor\classpreloader\classpreloader\src\ClassPreloader.php:124
Stack trace:
#0 [internal function]: Illuminate\Foundation\Bootstrap\HandleExceptions->handleError(2, 'php_strip_white...', 'C:\\xampp\\htdocs...', 124, Array)
#1 C:\xampp\htdocs\vicariati50\vendor\classpreloader\classpreloader\src\ClassPreloader.php(124): php_strip_whitespace('C:\\xampp\\htdocs...')
#2 C:\xampp\htdocs\vicariati50\vendor\laravel\framework\src\Illuminate\Foundation\Console\OptimizeCommand.php(91): ClassPreloader\ClassPreloader->getCode('C:\\xampp\\htdocs...', false)
#3 C:\xampp\htdocs\vicariati50\vendor\laravel\framework\src\Illuminate\Foundation\Console\OptimizeCommand.php(72): Illuminate\Foundation\Console\OptimizeCommand->compileClasses()
#4 [internal function]: Illuminate\Foundation\Console\OptimizeCommand->fire()
#5 C:\xampp\htdocs\vicariati50\vendor\laravel\framework\src\Illuminate\Container\Container.php(507): call_user_func_array(Array, Array)
#6 C:\xampp\htdocs\vicariati50\vendor\laravel\framework\src\Illuminate\Console\Command.php(150): Illuminate\Container\Container->call(Array)
#7 C:\xampp\htdocs\vicariati50\vendor\symfony\console\Command\Command.php(256): Illuminate\Console\Command->execute(Object(Symfony\Component\Console\Input\ArgvInput), Object(Symfony\Component\Console\Output\ConsoleOutput))
#8 C:\xampp\htdocs\vicariati50\vendor\laravel\framework\src\Illuminate\Console\Command.php(136): Symfony\Component\Console\Command\Command->run(Object(Symfony\Component\Console\Input\ArgvInput), Object(Symfony\Component\Console\Output\ConsoleOutput))
#9 C:\xampp\htdocs\vicariati50\vendor\symfony\console\Application.php(841): Illuminate\Console\Command->run(Object(Symfony\Component\Console\Input\ArgvInput), Object(Symfony\Component\Console\Output\ConsoleOutput))
#10 C:\xampp\htdocs\vicariati50\vendor\symfony\console\Application.php(189): Symfony\Component\Console\Application->doRunCommand(Object(Illuminate\Foundation\Console\OptimizeCommand), Object(Symfony\Component\Console\Input\ArgvInput), Object(Symfony\Component\Console\Output\ConsoleOutput))
#11 C:\xampp\htdocs\vicariati50\vendor\symfony\console\Application.php(120): Symfony\Component\Console\Application->doRun(Object(Symfony\Component\Console\Input\ArgvInput), Object(Symfony\Component\Console\Output\ConsoleOutput))
#12 C:\xampp\htdocs\vicariati50\vendor\laravel\framework\src\Illuminate\Foundation\Console\Kernel.php(107): Symfony\Component\Console\Application->run(Object(Symfony\Component\Console\Input\ArgvInput), Object(Symfony\Component\Console\Output\ConsoleOutput))
#13 C:\xampp\htdocs\vicariati50\artisan(36): Illuminate\Foundation\Console\Kernel->handle(Object(Symfony\Component\Console\Input\ArgvInput), Object(Symfony\Component\Console\Output\ConsoleOutput))
#14 {main}  
[2016-04-10 18:30:34] local.ERROR: exception 'ErrorException' with message 'php_strip_whitespace(C:\xampp\htdocs\vicariati50): failed to open stream: Permission denied' in C:\xampp\htdocs\vicariati50\vendor\classpreloader\classpreloader\src\ClassPreloader.php:124
Stack trace:
#0 [internal function]: Illuminate\Foundation\Bootstrap\HandleExceptions->handleError(2, 'php_strip_white...', 'C:\\xampp\\htdocs...', 124, Array)
#1 C:\xampp\htdocs\vicariati50\vendor\classpreloader\classpreloader\src\ClassPreloader.php(124): php_strip_whitespace('C:\\xampp\\htdocs...')
#2 C:\xampp\htdocs\vicariati50\vendor\laravel\framework\src\Illuminate\Foundation\Console\OptimizeCommand.php(91): ClassPreloader\ClassPreloader->getCode('C:\\xampp\\htdocs...', false)
#3 C:\xampp\htdocs\vicariati50\vendor\laravel\framework\src\Illuminate\Foundation\Console\OptimizeCommand.php(72): Illuminate\Foundation\Console\OptimizeCommand->compileClasses()
#4 [internal function]: Illuminate\Foundation\Console\OptimizeCommand->fire()
#5 C:\xampp\htdocs\vicariati50\vendor\laravel\framework\src\Illuminate\Container\Container.php(507): call_user_func_array(Array, Array)
#6 C:\xampp\htdocs\vicariati50\vendor\laravel\framework\src\Illuminate\Console\Command.php(150): Illuminate\Container\Container->call(Array)
#7 C:\xampp\htdocs\vicariati50\vendor\symfony\console\Command\Command.php(256): Illuminate\Console\Command->execute(Object(Symfony\Component\Console\Input\ArgvInput), Object(Symfony\Component\Console\Output\ConsoleOutput))
#8 C:\xampp\htdocs\vicariati50\vendor\laravel\framework\src\Illuminate\Console\Command.php(136): Symfony\Component\Console\Command\Command->run(Object(Symfony\Component\Console\Input\ArgvInput), Object(Symfony\Component\Console\Output\ConsoleOutput))
#9 C:\xampp\htdocs\vicariati50\vendor\symfony\console\Application.php(841): Illuminate\Console\Command->run(Object(Symfony\Component\Console\Input\ArgvInput), Object(Symfony\Component\Console\Output\ConsoleOutput))
#10 C:\xampp\htdocs\vicariati50\vendor\symfony\console\Application.php(189): Symfony\Component\Console\Application->doRunCommand(Object(Illuminate\Foundation\Console\OptimizeCommand), Object(Symfony\Component\Console\Input\ArgvInput), Object(Symfony\Component\Console\Output\ConsoleOutput))
#11 C:\xampp\htdocs\vicariati50\vendor\symfony\console\Application.php(120): Symfony\Component\Console\Application->doRun(Object(Symfony\Component\Console\Input\ArgvInput), Object(Symfony\Component\Console\Output\ConsoleOutput))
#12 C:\xampp\htdocs\vicariati50\vendor\laravel\framework\src\Illuminate\Foundation\Console\Kernel.php(107): Symfony\Component\Console\Application->run(Object(Symfony\Component\Console\Input\ArgvInput), Object(Symfony\Component\Console\Output\ConsoleOutput))
#13 C:\xampp\htdocs\vicariati50\artisan(36): Illuminate\Foundation\Console\Kernel->handle(Object(Symfony\Component\Console\Input\ArgvInput), Object(Symfony\Component\Console\Output\ConsoleOutput))
#14 {main}  
[2016-04-10 19:37:17] local.ERROR: exception 'ErrorException' with message 'Trying to get property of non-object' in C:\xampp\htdocs\vicariati50\app\Http\Controllers\NeController.php:318
Stack trace:
#0 C:\xampp\htdocs\vicariati50\app\Http\Controllers\NeController.php(318): Illuminate\Foundation\Bootstrap\HandleExceptions->handleError(8, 'Trying to get p...', 'C:\\xampp\\htdocs...', 318, Array)
#1 [internal function]: App\Http\Controllers\NeController->createNews()
#2 C:\xampp\htdocs\vicariati50\vendor\laravel\framework\src\Illuminate\Routing\Controller.php(256): call_user_func_array(Array, Array)
#3 C:\xampp\htdocs\vicariati50\vendor\laravel\framework\src\Illuminate\Routing\ControllerDispatcher.php(164): Illuminate\Routing\Controller->callAction('createNews', Array)
#4 C:\xampp\htdocs\vicariati50\vendor\laravel\framework\src\Illuminate\Routing\ControllerDispatcher.php(112): Illuminate\Routing\ControllerDispatcher->call(Object(App\Http\Controllers\NeController), Object(Illuminate\Routing\Route), 'createNews')
#5 [internal function]: Illuminate\Routing\ControllerDispatcher->Illuminate\Routing\{closure}(Object(Illuminate\Http\Request))
#6 C:\xampp\htdocs\vicariati50\vendor\laravel\framework\src\Illuminate\Pipeline\Pipeline.php(139): call_user_func(Object(Closure), Object(Illuminate\Http\Request))
#7 [internal function]: Illuminate\Pipeline\Pipeline->Illuminate\Pipeline\{closure}(Object(Illuminate\Http\Request))
#8 C:\xampp\htdocs\vicariati50\vendor\laravel\framework\src\Illuminate\Pipeline\Pipeline.php(103): call_user_func(Object(Closure), Object(Illuminate\Http\Request))
#9 C:\xampp\htdocs\vicariati50\vendor\laravel\framework\src\Illuminate\Routing\ControllerDispatcher.php(114): Illuminate\Pipeline\Pipeline->then(Object(Closure))
#10 C:\xampp\htdocs\vicariati50\vendor\laravel\framework\src\Illuminate\Routing\ControllerDispatcher.php(69): Illuminate\Routing\ControllerDispatcher->callWithinStack(Object(App\Http\Controllers\NeController), Object(Illuminate\Routing\Route), Object(Illuminate\Http\Request), 'createNews')
#11 C:\xampp\htdocs\vicariati50\vendor\laravel\framework\src\Illuminate\Routing\Route.php(203): Illuminate\Routing\ControllerDispatcher->dispatch(Object(Illuminate\Routing\Route), Object(Illuminate\Http\Request), 'App\\Http\\Contro...', 'createNews')
#12 C:\xampp\htdocs\vicariati50\vendor\laravel\framework\src\Illuminate\Routing\Route.php(134): Illuminate\Routing\Route->runWithCustomDispatcher(Object(Illuminate\Http\Request))
#13 C:\xampp\htdocs\vicariati50\vendor\laravel\framework\src\Illuminate\Routing\Router.php(708): Illuminate\Routing\Route->run(Object(Illuminate\Http\Request))
#14 [internal function]: Illuminate\Routing\Router->Illuminate\Routing\{closure}(Object(Illuminate\Http\Request))
#15 C:\xampp\htdocs\vicariati50\vendor\laravel\framework\src\Illuminate\Pipeline\Pipeline.php(139): call_user_func(Object(Closure), Object(Illuminate\Http\Request))
#16 [internal function]: Illuminate\Pipeline\Pipeline->Illuminate\Pipeline\{closure}(Object(Illuminate\Http\Request))
#17 C:\xampp\htdocs\vicariati50\vendor\laravel\framework\src\Illuminate\Pipeline\Pipeline.php(103): call_user_func(Object(Closure), Object(Illuminate\Http\Request))
#18 C:\xampp\htdocs\vicariati50\vendor\laravel\framework\src\Illuminate\Routing\Router.php(710): Illuminate\Pipeline\Pipeline->then(Object(Closure))
#19 C:\xampp\htdocs\vicariati50\vendor\laravel\framework\src\Illuminate\Routing\Router.php(675): Illuminate\Routing\Router->runRouteWithinStack(Object(Illuminate\Routing\Route), Object(Illuminate\Http\Request))
#20 C:\xampp\htdocs\vicariati50\vendor\laravel\framework\src\Illuminate\Routing\Router.php(635): Illuminate\Routing\Router->dispatchToRoute(Object(Illuminate\Http\Request))
#21 C:\xampp\htdocs\vicariati50\vendor\laravel\framework\src\Illuminate\Foundation\Http\Kernel.php(236): Illuminate\Routing\Router->dispatch(Object(Illuminate\Http\Request))
#22 [internal function]: Illuminate\Foundation\Http\Kernel->Illuminate\Foundation\Http\{closure}(Object(Illuminate\Http\Request))
#23 C:\xampp\htdocs\vicariati50\vendor\laravel\framework\src\Illuminate\Pipeline\Pipeline.php(139): call_user_func(Object(Closure), Object(Illuminate\Http\Request))
#24 C:\xampp\htdocs\vicariati50\vendor\laravel\framework\src\Illuminate\View\Middleware\ShareErrorsFromSession.php(49): Illuminate\Pipeline\Pipeline->Illuminate\Pipeline\{closure}(Object(Illuminate\Http\Request))
#25 [internal function]: Illuminate\View\Middleware\ShareErrorsFromSession->handle(Object(Illuminate\Http\Request), Object(Closure))
#26 C:\xampp\htdocs\vicariati50\vendor\laravel\framework\src\Illuminate\Pipeline\Pipeline.php(124): call_user_func_array(Array, Array)
#27 C:\xampp\htdocs\vicariati50\vendor\laravel\framework\src\Illuminate\Session\Middleware\StartSession.php(62): Illuminate\Pipeline\Pipeline->Illuminate\Pipeline\{closure}(Object(Illuminate\Http\Request))
#28 [internal function]: Illuminate\Session\Middleware\StartSession->handle(Object(Illuminate\Http\Request), Object(Closure))
#29 C:\xampp\htdocs\vicariati50\vendor\laravel\framework\src\Illuminate\Pipeline\Pipeline.php(124): call_user_func_array(Array, Array)
#30 C:\xampp\htdocs\vicariati50\vendor\laravel\framework\src\Illuminate\Cookie\Middleware\AddQueuedCookiesToResponse.php(37): Illuminate\Pipeline\Pipeline->Illuminate\Pipeline\{closure}(Object(Illuminate\Http\Request))
#31 [internal function]: Illuminate\Cookie\Middleware\AddQueuedCookiesToResponse->handle(Object(Illuminate\Http\Request), Object(Closure))
#32 C:\xampp\htdocs\vicariati50\vendor\laravel\framework\src\Illuminate\Pipeline\Pipeline.php(124): call_user_func_array(Array, Array)
#33 C:\xampp\htdocs\vicariati50\vendor\laravel\framework\src\Illuminate\Cookie\Middleware\EncryptCookies.php(59): Illuminate\Pipeline\Pipeline->Illuminate\Pipeline\{closure}(Object(Illuminate\Http\Request))
#34 [internal function]: Illuminate\Cookie\Middleware\EncryptCookies->handle(Object(Illuminate\Http\Request), Object(Closure))
#35 C:\xampp\htdocs\vicariati50\vendor\laravel\framework\src\Illuminate\Pipeline\Pipeline.php(124): call_user_func_array(Array, Array)
#36 C:\xampp\htdocs\vicariati50\vendor\laravel\framework\src\Illuminate\Foundation\Http\Middleware\CheckForMaintenanceMode.php(44): Illuminate\Pipeline\Pipeline->Illuminate\Pipeline\{closure}(Object(Illuminate\Http\Request))
#37 [internal function]: Illuminate\Foundation\Http\Middleware\CheckForMaintenanceMode->handle(Object(Illuminate\Http\Request), Object(Closure))
#38 C:\xampp\htdocs\vicariati50\vendor\laravel\framework\src\Illuminate\Pipeline\Pipeline.php(124): call_user_func_array(Array, Array)
#39 [internal function]: Illuminate\Pipeline\Pipeline->Illuminate\Pipeline\{closure}(Object(Illuminate\Http\Request))
#40 C:\xampp\htdocs\vicariati50\vendor\laravel\framework\src\Illuminate\Pipeline\Pipeline.php(103): call_user_func(Object(Closure), Object(Illuminate\Http\Request))
#41 C:\xampp\htdocs\vicariati50\vendor\laravel\framework\src\Illuminate\Foundation\Http\Kernel.php(122): Illuminate\Pipeline\Pipeline->then(Object(Closure))
#42 C:\xampp\htdocs\vicariati50\vendor\laravel\framework\src\Illuminate\Foundation\Http\Kernel.php(87): Illuminate\Foundation\Http\Kernel->sendRequestThroughRouter(Object(Illuminate\Http\Request))
#43 C:\xampp\htdocs\vicariati50\public\index.php(55): Illuminate\Foundation\Http\Kernel->handle(Object(Illuminate\Http\Request))
#44 {main}  
