[2016-03-25 16:49:44] local.ERROR: exception 'Symfony\Component\HttpFoundation\File\Exception\FileNotFoundException' with message 'The file "C:\xampp\htdocs\vicariati50\storage/bollettini/6/2016-03-13.pdf" does not exist' in C:\xampp\htdocs\vicariati50\vendor\symfony\http-foundation\Symfony\Component\HttpFoundation\File\File.php:41
Stack trace:
#0 C:\xampp\htdocs\vicariati50\vendor\symfony\http-foundation\Symfony\Component\HttpFoundation\BinaryFileResponse.php(91): Symfony\Component\HttpFoundation\File\File->__construct('C:\\xampp\\htdocs...')
#1 C:\xampp\htdocs\vicariati50\vendor\symfony\http-foundation\Symfony\Component\HttpFoundation\BinaryFileResponse.php(50): Symfony\Component\HttpFoundation\BinaryFileResponse->setFile('C:\\xampp\\htdocs...', 'attachment', false, true)
#2 C:\xampp\htdocs\vicariati50\vendor\laravel\framework\src\Illuminate\Routing\ResponseFactory.php(129): Symfony\Component\HttpFoundation\BinaryFileResponse->__construct('C:\\xampp\\htdocs...', 200, Array, true, 'attachment')
#3 C:\xampp\htdocs\vicariati50\vendor\compiled.php(5488): Illuminate\Routing\ResponseFactory->download('C:\\xampp\\htdocs...', '2016-03-13.pdf', Array)
#4 C:\xampp\htdocs\vicariati50\app\Http\Controllers\UtilityController.php(51): Illuminate\Support\Facades\Facade::__callStatic('download', Array)
#5 C:\xampp\htdocs\vicariati50\app\Http\Controllers\UtilityController.php(51): Illuminate\Support\Facades\Response::download('C:\\xampp\\htdocs...', '2016-03-13.pdf', Array)
#6 [internal function]: App\Http\Controllers\UtilityController->getDownloadBol('85')
#7 C:\xampp\htdocs\vicariati50\vendor\compiled.php(8558): call_user_func_array(Array, Array)
#8 C:\xampp\htdocs\vicariati50\vendor\compiled.php(8626): Illuminate\Routing\Controller->callAction('getDownloadBol', Array)
#9 C:\xampp\htdocs\vicariati50\vendor\compiled.php(8605): Illuminate\Routing\ControllerDispatcher->call(Object(App\Http\Controllers\UtilityController), Object(Illuminate\Routing\Route), 'getDownloadBol')
#10 [internal function]: Illuminate\Routing\ControllerDispatcher->Illuminate\Routing\{closure}(Object(Illuminate\Http\Request))
#11 C:\xampp\htdocs\vicariati50\vendor\compiled.php(9244): call_user_func(Object(Closure), Object(Illuminate\Http\Request))
#12 [internal function]: Illuminate\Pipeline\Pipeline->Illuminate\Pipeline\{closure}(Object(Illuminate\Http\Request))
#13 C:\xampp\htdocs\vicariati50\vendor\compiled.php(9227): call_user_func(Object(Closure), Object(Illuminate\Http\Request))
#14 C:\xampp\htdocs\vicariati50\vendor\compiled.php(8606): Illuminate\Pipeline\Pipeline->then(Object(Closure))
#15 C:\xampp\htdocs\vicariati50\vendor\compiled.php(8592): Illuminate\Routing\ControllerDispatcher->callWithinStack(Object(App\Http\Controllers\UtilityController), Object(Illuminate\Routing\Route), Object(Illuminate\Http\Request), 'getDownloadBol')
#16 C:\xampp\htdocs\vicariati50\vendor\compiled.php(7583): Illuminate\Routing\ControllerDispatcher->dispatch(Object(Illuminate\Routing\Route), Object(Illuminate\Http\Request), 'App\\Http\\Contro...', 'getDownloadBol')
#17 C:\xampp\htdocs\vicariati50\vendor\compiled.php(7554): Illuminate\Routing\Route->runWithCustomDispatcher(Object(Illuminate\Http\Request))
#18 C:\xampp\htdocs\vicariati50\vendor\compiled.php(7219): Illuminate\Routing\Route->run(Object(Illuminate\Http\Request))
#19 [internal function]: Illuminate\Routing\Router->Illuminate\Routing\{closure}(Object(Illuminate\Http\Request))
#20 C:\xampp\htdocs\vicariati50\vendor\compiled.php(9244): call_user_func(Object(Closure), Object(Illuminate\Http\Request))
#21 [internal function]: Illuminate\Pipeline\Pipeline->Illuminate\Pipeline\{closure}(Object(Illuminate\Http\Request))
#22 C:\xampp\htdocs\vicariati50\vendor\compiled.php(9227): call_user_func(Object(Closure), Object(Illuminate\Http\Request))
#23 C:\xampp\htdocs\vicariati50\vendor\compiled.php(7220): Illuminate\Pipeline\Pipeline->then(Object(Closure))
#24 C:\xampp\htdocs\vicariati50\vendor\compiled.php(7209): Illuminate\Routing\Router->runRouteWithinStack(Object(Illuminate\Routing\Route), Object(Illuminate\Http\Request))
#25 C:\xampp\htdocs\vicariati50\vendor\compiled.php(7194): Illuminate\Routing\Router->dispatchToRoute(Object(Illuminate\Http\Request))
#26 C:\xampp\htdocs\vicariati50\vendor\compiled.php(2040): Illuminate\Routing\Router->dispatch(Object(Illuminate\Http\Request))
#27 [internal function]: Illuminate\Foundation\Http\Kernel->Illuminate\Foundation\Http\{closure}(Object(Illuminate\Http\Request))
#28 C:\xampp\htdocs\vicariati50\vendor\compiled.php(9244): call_user_func(Object(Closure), Object(Illuminate\Http\Request))
#29 C:\xampp\htdocs\vicariati50\vendor\compiled.php(12416): Illuminate\Pipeline\Pipeline->Illuminate\Pipeline\{closure}(Object(Illuminate\Http\Request))
#30 C:\xampp\htdocs\vicariati50\vendor\compiled.php(9236): Illuminate\View\Middleware\ShareErrorsFromSession->handle(Object(Illuminate\Http\Request), Object(Closure))
#31 C:\xampp\htdocs\vicariati50\vendor\compiled.php(11106): Illuminate\Pipeline\Pipeline->Illuminate\Pipeline\{closure}(Object(Illuminate\Http\Request))
#32 C:\xampp\htdocs\vicariati50\vendor\compiled.php(9236): Illuminate\Session\Middleware\StartSession->handle(Object(Illuminate\Http\Request), Object(Closure))
#33 C:\xampp\htdocs\vicariati50\vendor\compiled.php(12118): Illuminate\Pipeline\Pipeline->Illuminate\Pipeline\{closure}(Object(Illuminate\Http\Request))
#34 C:\xampp\htdocs\vicariati50\vendor\compiled.php(9236): Illuminate\Cookie\Middleware\AddQueuedCookiesToResponse->handle(Object(Illuminate\Http\Request), Object(Closure))
#35 C:\xampp\htdocs\vicariati50\vendor\compiled.php(12066): Illuminate\Pipeline\Pipeline->Illuminate\Pipeline\{closure}(Object(Illuminate\Http\Request))
#36 C:\xampp\htdocs\vicariati50\vendor\compiled.php(9236): Illuminate\Cookie\Middleware\EncryptCookies->handle(Object(Illuminate\Http\Request), Object(Closure))
#37 C:\xampp\htdocs\vicariati50\vendor\compiled.php(2589): Illuminate\Pipeline\Pipeline->Illuminate\Pipeline\{closure}(Object(Illuminate\Http\Request))
#38 C:\xampp\htdocs\vicariati50\vendor\compiled.php(9236): Illuminate\Foundation\Http\Middleware\CheckForMaintenanceMode->handle(Object(Illuminate\Http\Request), Object(Closure))
#39 [internal function]: Illuminate\Pipeline\Pipeline->Illuminate\Pipeline\{closure}(Object(Illuminate\Http\Request))
#40 C:\xampp\htdocs\vicariati50\vendor\compiled.php(9227): call_user_func(Object(Closure), Object(Illuminate\Http\Request))
#41 C:\xampp\htdocs\vicariati50\vendor\compiled.php(1996): Illuminate\Pipeline\Pipeline->then(Object(Closure))
#42 C:\xampp\htdocs\vicariati50\vendor\compiled.php(1983): Illuminate\Foundation\Http\Kernel->sendRequestThroughRouter(Object(Illuminate\Http\Request))
#43 C:\xampp\htdocs\vicariati50\public\index.php(55): Illuminate\Foundation\Http\Kernel->handle(Object(Illuminate\Http\Request))
#44 {main}  
[2016-03-25 16:49:56] local.ERROR: exception 'Symfony\Component\HttpFoundation\File\Exception\FileNotFoundException' with message 'The file "C:\xampp\htdocs\vicariati50\storage/bollettini/8/2016-01-31.pdf" does not exist' in C:\xampp\htdocs\vicariati50\vendor\symfony\http-foundation\Symfony\Component\HttpFoundation\File\File.php:41
Stack trace:
#0 C:\xampp\htdocs\vicariati50\vendor\symfony\http-foundation\Symfony\Component\HttpFoundation\BinaryFileResponse.php(91): Symfony\Component\HttpFoundation\File\File->__construct('C:\\xampp\\htdocs...')
#1 C:\xampp\htdocs\vicariati50\vendor\symfony\http-foundation\Symfony\Component\HttpFoundation\BinaryFileResponse.php(50): Symfony\Component\HttpFoundation\BinaryFileResponse->setFile('C:\\xampp\\htdocs...', 'attachment', false, true)
#2 C:\xampp\htdocs\vicariati50\vendor\laravel\framework\src\Illuminate\Routing\ResponseFactory.php(129): Symfony\Component\HttpFoundation\BinaryFileResponse->__construct('C:\\xampp\\htdocs...', 200, Array, true, 'attachment')
#3 C:\xampp\htdocs\vicariati50\vendor\compiled.php(5488): Illuminate\Routing\ResponseFactory->download('C:\\xampp\\htdocs...', '2016-01-31.pdf', Array)
#4 C:\xampp\htdocs\vicariati50\app\Http\Controllers\UtilityController.php(51): Illuminate\Support\Facades\Facade::__callStatic('download', Array)
#5 C:\xampp\htdocs\vicariati50\app\Http\Controllers\UtilityController.php(51): Illuminate\Support\Facades\Response::download('C:\\xampp\\htdocs...', '2016-01-31.pdf', Array)
#6 [internal function]: App\Http\Controllers\UtilityController->getDownloadBol('59')
#7 C:\xampp\htdocs\vicariati50\vendor\compiled.php(8558): call_user_func_array(Array, Array)
#8 C:\xampp\htdocs\vicariati50\vendor\compiled.php(8626): Illuminate\Routing\Controller->callAction('getDownloadBol', Array)
#9 C:\xampp\htdocs\vicariati50\vendor\compiled.php(8605): Illuminate\Routing\ControllerDispatcher->call(Object(App\Http\Controllers\UtilityController), Object(Illuminate\Routing\Route), 'getDownloadBol')
#10 [internal function]: Illuminate\Routing\ControllerDispatcher->Illuminate\Routing\{closure}(Object(Illuminate\Http\Request))
#11 C:\xampp\htdocs\vicariati50\vendor\compiled.php(9244): call_user_func(Object(Closure), Object(Illuminate\Http\Request))
#12 [internal function]: Illuminate\Pipeline\Pipeline->Illuminate\Pipeline\{closure}(Object(Illuminate\Http\Request))
#13 C:\xampp\htdocs\vicariati50\vendor\compiled.php(9227): call_user_func(Object(Closure), Object(Illuminate\Http\Request))
#14 C:\xampp\htdocs\vicariati50\vendor\compiled.php(8606): Illuminate\Pipeline\Pipeline->then(Object(Closure))
#15 C:\xampp\htdocs\vicariati50\vendor\compiled.php(8592): Illuminate\Routing\ControllerDispatcher->callWithinStack(Object(App\Http\Controllers\UtilityController), Object(Illuminate\Routing\Route), Object(Illuminate\Http\Request), 'getDownloadBol')
#16 C:\xampp\htdocs\vicariati50\vendor\compiled.php(7583): Illuminate\Routing\ControllerDispatcher->dispatch(Object(Illuminate\Routing\Route), Object(Illuminate\Http\Request), 'App\\Http\\Contro...', 'getDownloadBol')
#17 C:\xampp\htdocs\vicariati50\vendor\compiled.php(7554): Illuminate\Routing\Route->runWithCustomDispatcher(Object(Illuminate\Http\Request))
#18 C:\xampp\htdocs\vicariati50\vendor\compiled.php(7219): Illuminate\Routing\Route->run(Object(Illuminate\Http\Request))
#19 [internal function]: Illuminate\Routing\Router->Illuminate\Routing\{closure}(Object(Illuminate\Http\Request))
#20 C:\xampp\htdocs\vicariati50\vendor\compiled.php(9244): call_user_func(Object(Closure), Object(Illuminate\Http\Request))
#21 [internal function]: Illuminate\Pipeline\Pipeline->Illuminate\Pipeline\{closure}(Object(Illuminate\Http\Request))
#22 C:\xampp\htdocs\vicariati50\vendor\compiled.php(9227): call_user_func(Object(Closure), Object(Illuminate\Http\Request))
#23 C:\xampp\htdocs\vicariati50\vendor\compiled.php(7220): Illuminate\Pipeline\Pipeline->then(Object(Closure))
#24 C:\xampp\htdocs\vicariati50\vendor\compiled.php(7209): Illuminate\Routing\Router->runRouteWithinStack(Object(Illuminate\Routing\Route), Object(Illuminate\Http\Request))
#25 C:\xampp\htdocs\vicariati50\vendor\compiled.php(7194): Illuminate\Routing\Router->dispatchToRoute(Object(Illuminate\Http\Request))
#26 C:\xampp\htdocs\vicariati50\vendor\compiled.php(2040): Illuminate\Routing\Router->dispatch(Object(Illuminate\Http\Request))
#27 [internal function]: Illuminate\Foundation\Http\Kernel->Illuminate\Foundation\Http\{closure}(Object(Illuminate\Http\Request))
#28 C:\xampp\htdocs\vicariati50\vendor\compiled.php(9244): call_user_func(Object(Closure), Object(Illuminate\Http\Request))
#29 C:\xampp\htdocs\vicariati50\vendor\compiled.php(12416): Illuminate\Pipeline\Pipeline->Illuminate\Pipeline\{closure}(Object(Illuminate\Http\Request))
#30 C:\xampp\htdocs\vicariati50\vendor\compiled.php(9236): Illuminate\View\Middleware\ShareErrorsFromSession->handle(Object(Illuminate\Http\Request), Object(Closure))
#31 C:\xampp\htdocs\vicariati50\vendor\compiled.php(11106): Illuminate\Pipeline\Pipeline->Illuminate\Pipeline\{closure}(Object(Illuminate\Http\Request))
#32 C:\xampp\htdocs\vicariati50\vendor\compiled.php(9236): Illuminate\Session\Middleware\StartSession->handle(Object(Illuminate\Http\Request), Object(Closure))
#33 C:\xampp\htdocs\vicariati50\vendor\compiled.php(12118): Illuminate\Pipeline\Pipeline->Illuminate\Pipeline\{closure}(Object(Illuminate\Http\Request))
#34 C:\xampp\htdocs\vicariati50\vendor\compiled.php(9236): Illuminate\Cookie\Middleware\AddQueuedCookiesToResponse->handle(Object(Illuminate\Http\Request), Object(Closure))
#35 C:\xampp\htdocs\vicariati50\vendor\compiled.php(12066): Illuminate\Pipeline\Pipeline->Illuminate\Pipeline\{closure}(Object(Illuminate\Http\Request))
#36 C:\xampp\htdocs\vicariati50\vendor\compiled.php(9236): Illuminate\Cookie\Middleware\EncryptCookies->handle(Object(Illuminate\Http\Request), Object(Closure))
#37 C:\xampp\htdocs\vicariati50\vendor\compiled.php(2589): Illuminate\Pipeline\Pipeline->Illuminate\Pipeline\{closure}(Object(Illuminate\Http\Request))
#38 C:\xampp\htdocs\vicariati50\vendor\compiled.php(9236): Illuminate\Foundation\Http\Middleware\CheckForMaintenanceMode->handle(Object(Illuminate\Http\Request), Object(Closure))
#39 [internal function]: Illuminate\Pipeline\Pipeline->Illuminate\Pipeline\{closure}(Object(Illuminate\Http\Request))
#40 C:\xampp\htdocs\vicariati50\vendor\compiled.php(9227): call_user_func(Object(Closure), Object(Illuminate\Http\Request))
#41 C:\xampp\htdocs\vicariati50\vendor\compiled.php(1996): Illuminate\Pipeline\Pipeline->then(Object(Closure))
#42 C:\xampp\htdocs\vicariati50\vendor\compiled.php(1983): Illuminate\Foundation\Http\Kernel->sendRequestThroughRouter(Object(Illuminate\Http\Request))
#43 C:\xampp\htdocs\vicariati50\public\index.php(55): Illuminate\Foundation\Http\Kernel->handle(Object(Illuminate\Http\Request))
#44 {main}  
[2016-03-25 16:50:05] local.ERROR: exception 'League\Flysystem\FileNotFoundException' with message 'File not found at path: 117/num 121marzo  2016.odt' in C:\xampp\htdocs\vicariati50\vendor\league\flysystem\src\Filesystem.php:381
Stack trace:
#0 C:\xampp\htdocs\vicariati50\vendor\league\flysystem\src\Filesystem.php(176): League\Flysystem\Filesystem->assertPresent('117/num 121marz...')
#1 C:\xampp\htdocs\vicariati50\vendor\compiled.php(18100): League\Flysystem\Filesystem->read('117/num 121marz...')
#2 C:\xampp\htdocs\vicariati50\vendor\compiled.php(18080): App\Http\Controllers\NeController->dettaglioNewsLettura('117')
#3 [internal function]: App\Http\Controllers\NeController->dettaglioNews('117')
#4 C:\xampp\htdocs\vicariati50\vendor\compiled.php(8558): call_user_func_array(Array, Array)
#5 C:\xampp\htdocs\vicariati50\vendor\compiled.php(8626): Illuminate\Routing\Controller->callAction('dettaglioNews', Array)
#6 C:\xampp\htdocs\vicariati50\vendor\compiled.php(8605): Illuminate\Routing\ControllerDispatcher->call(Object(App\Http\Controllers\NeController), Object(Illuminate\Routing\Route), 'dettaglioNews')
#7 [internal function]: Illuminate\Routing\ControllerDispatcher->Illuminate\Routing\{closure}(Object(Illuminate\Http\Request))
#8 C:\xampp\htdocs\vicariati50\vendor\compiled.php(9244): call_user_func(Object(Closure), Object(Illuminate\Http\Request))
#9 [internal function]: Illuminate\Pipeline\Pipeline->Illuminate\Pipeline\{closure}(Object(Illuminate\Http\Request))
#10 C:\xampp\htdocs\vicariati50\vendor\compiled.php(9227): call_user_func(Object(Closure), Object(Illuminate\Http\Request))
#11 C:\xampp\htdocs\vicariati50\vendor\compiled.php(8606): Illuminate\Pipeline\Pipeline->then(Object(Closure))
#12 C:\xampp\htdocs\vicariati50\vendor\compiled.php(8592): Illuminate\Routing\ControllerDispatcher->callWithinStack(Object(App\Http\Controllers\NeController), Object(Illuminate\Routing\Route), Object(Illuminate\Http\Request), 'dettaglioNews')
#13 C:\xampp\htdocs\vicariati50\vendor\compiled.php(7583): Illuminate\Routing\ControllerDispatcher->dispatch(Object(Illuminate\Routing\Route), Object(Illuminate\Http\Request), 'App\\Http\\Contro...', 'dettaglioNews')
#14 C:\xampp\htdocs\vicariati50\vendor\compiled.php(7554): Illuminate\Routing\Route->runWithCustomDispatcher(Object(Illuminate\Http\Request))
#15 C:\xampp\htdocs\vicariati50\vendor\compiled.php(7219): Illuminate\Routing\Route->run(Object(Illuminate\Http\Request))
#16 [internal function]: Illuminate\Routing\Router->Illuminate\Routing\{closure}(Object(Illuminate\Http\Request))
#17 C:\xampp\htdocs\vicariati50\vendor\compiled.php(9244): call_user_func(Object(Closure), Object(Illuminate\Http\Request))
#18 [internal function]: Illuminate\Pipeline\Pipeline->Illuminate\Pipeline\{closure}(Object(Illuminate\Http\Request))
#19 C:\xampp\htdocs\vicariati50\vendor\compiled.php(9227): call_user_func(Object(Closure), Object(Illuminate\Http\Request))
#20 C:\xampp\htdocs\vicariati50\vendor\compiled.php(7220): Illuminate\Pipeline\Pipeline->then(Object(Closure))
#21 C:\xampp\htdocs\vicariati50\vendor\compiled.php(7209): Illuminate\Routing\Router->runRouteWithinStack(Object(Illuminate\Routing\Route), Object(Illuminate\Http\Request))
#22 C:\xampp\htdocs\vicariati50\vendor\compiled.php(7194): Illuminate\Routing\Router->dispatchToRoute(Object(Illuminate\Http\Request))
#23 C:\xampp\htdocs\vicariati50\vendor\compiled.php(2040): Illuminate\Routing\Router->dispatch(Object(Illuminate\Http\Request))
#24 [internal function]: Illuminate\Foundation\Http\Kernel->Illuminate\Foundation\Http\{closure}(Object(Illuminate\Http\Request))
#25 C:\xampp\htdocs\vicariati50\vendor\compiled.php(9244): call_user_func(Object(Closure), Object(Illuminate\Http\Request))
#26 C:\xampp\htdocs\vicariati50\vendor\compiled.php(12416): Illuminate\Pipeline\Pipeline->Illuminate\Pipeline\{closure}(Object(Illuminate\Http\Request))
#27 C:\xampp\htdocs\vicariati50\vendor\compiled.php(9236): Illuminate\View\Middleware\ShareErrorsFromSession->handle(Object(Illuminate\Http\Request), Object(Closure))
#28 C:\xampp\htdocs\vicariati50\vendor\compiled.php(11106): Illuminate\Pipeline\Pipeline->Illuminate\Pipeline\{closure}(Object(Illuminate\Http\Request))
#29 C:\xampp\htdocs\vicariati50\vendor\compiled.php(9236): Illuminate\Session\Middleware\StartSession->handle(Object(Illuminate\Http\Request), Object(Closure))
#30 C:\xampp\htdocs\vicariati50\vendor\compiled.php(12118): Illuminate\Pipeline\Pipeline->Illuminate\Pipeline\{closure}(Object(Illuminate\Http\Request))
#31 C:\xampp\htdocs\vicariati50\vendor\compiled.php(9236): Illuminate\Cookie\Middleware\AddQueuedCookiesToResponse->handle(Object(Illuminate\Http\Request), Object(Closure))
#32 C:\xampp\htdocs\vicariati50\vendor\compiled.php(12066): Illuminate\Pipeline\Pipeline->Illuminate\Pipeline\{closure}(Object(Illuminate\Http\Request))
#33 C:\xampp\htdocs\vicariati50\vendor\compiled.php(9236): Illuminate\Cookie\Middleware\EncryptCookies->handle(Object(Illuminate\Http\Request), Object(Closure))
#34 C:\xampp\htdocs\vicariati50\vendor\compiled.php(2589): Illuminate\Pipeline\Pipeline->Illuminate\Pipeline\{closure}(Object(Illuminate\Http\Request))
#35 C:\xampp\htdocs\vicariati50\vendor\compiled.php(9236): Illuminate\Foundation\Http\Middleware\CheckForMaintenanceMode->handle(Object(Illuminate\Http\Request), Object(Closure))
#36 [internal function]: Illuminate\Pipeline\Pipeline->Illuminate\Pipeline\{closure}(Object(Illuminate\Http\Request))
#37 C:\xampp\htdocs\vicariati50\vendor\compiled.php(9227): call_user_func(Object(Closure), Object(Illuminate\Http\Request))
#38 C:\xampp\htdocs\vicariati50\vendor\compiled.php(1996): Illuminate\Pipeline\Pipeline->then(Object(Closure))
#39 C:\xampp\htdocs\vicariati50\vendor\compiled.php(1983): Illuminate\Foundation\Http\Kernel->sendRequestThroughRouter(Object(Illuminate\Http\Request))
#40 C:\xampp\htdocs\vicariati50\public\index.php(55): Illuminate\Foundation\Http\Kernel->handle(Object(Illuminate\Http\Request))
#41 {main}  
